<?xml version="1.0" encoding="UTF-8"?>
<testsuite xmlns:xsi="http://www.w3.org/2001/XMLSchema-instance" xsi:noNamespaceSchemaLocation="https://maven.apache.org/surefire/maven-surefire-plugin/xsd/surefire-test-report-3.0.xsd" version="3.0" name="cat.inspla.ra3.StringUtilsAppTest" time="0.021" tests="6" errors="0" skipped="0" failures="0">
  <properties>
[...]
</properties>
  <testcase name="normalizeSpacesRedueixEspaisMultiples(String, String)[1]" classname="cat.inspla.ra3.StringUtilsAppTest" time="0.003"/>
  <testcase name="normalizeSpacesRedueixEspaisMultiples(String, String)[2]" classname="cat.inspla.ra3.StringUtilsAppTest" time="0.002"/>
  <testcase name="normalizeSpacesRedueixEspaisMultiples(String, String)[3]" classname="cat.inspla.ra3.StringUtilsAppTest" time="0.0"/>
  <testcase name="normalizeSpacesRedueixEspaisMultiples(String, String)[4]" classname="cat.inspla.ra3.StringUtilsAppTest" time="0.001"/>
  <testcase name="normalizeSpacesRedueixEspaisMultiples(String, String)[5]" classname="cat.inspla.ra3.StringUtilsAppTest" time="0.001"/>
  <testcase name="normalizeSpacesTractaTabuladors(String, String)[1]" classname="cat.inspla.ra3.StringUtilsAppTest" time="0.001"/>
</testsuite>